<?xml version="1.0" encoding="UTF-8"?>
<testsuite name="com.maersk.multiplication.challenge.ChallengeServiceImplTest" tests="2" skipped="0" failures="0" errors="0" timestamp="2023-05-26T08:05:06" hostname="MMDHD61Y6CQFF" time="0.009">
  <properties/>
  <testcase name="checkCorrectAttemptTest()" classname="com.maersk.multiplication.challenge.ChallengeServiceImplTest" time="0.003"/>
  <testcase name="checkWrongAttemptTest()" classname="com.maersk.multiplication.challenge.ChallengeServiceImplTest" time="0.003"/>
  <system-out><![CDATA[]]></system-out>
  <system-err><![CDATA[]]></system-err>
</testsuite>
