<?xml version="1.0" encoding="UTF-8"?>
<testsuite name="com.maersk.multiplication.challenge.ChallengeServiceImplTest" tests="3" skipped="0" failures="0" errors="0" timestamp="2023-05-26T15:48:18" hostname="MMDHD61Y6CQFF" time="2.063">
  <properties/>
  <testcase name="checkCorrectAttemptTest()" classname="com.maersk.multiplication.challenge.ChallengeServiceImplTest" time="2.03"/>
  <testcase name="checkExistingUserTest()" classname="com.maersk.multiplication.challenge.ChallengeServiceImplTest" time="0.014"/>
  <testcase name="checkWrongAttemptTest()" classname="com.maersk.multiplication.challenge.ChallengeServiceImplTest" time="0.009"/>
  <system-out><![CDATA[16:48:20.891 [Test worker] INFO com.maersk.multiplication.challenge.ChallengeServiceImpl -- Creating new user with alias Hariharan
16:48:21.026 [Test worker] INFO com.maersk.multiplication.challenge.ChallengeServiceImpl -- Creating new user with alias Hariharan
]]></system-out>
  <system-err><![CDATA[]]></system-err>
</testsuite>
