<?xml version="1.0" encoding="UTF-8"?>
<testsuite name="com.maersk.multiplication.challenge.ChallengeAttemptControllerTest" tests="2" skipped="0" failures="0" errors="0" timestamp="2023-05-26T08:05:05" hostname="MMDHD61Y6CQFF" time="0.763">
  <properties/>
  <testcase name="postInvalidResult()" classname="com.maersk.multiplication.challenge.ChallengeAttemptControllerTest" time="0.641"/>
  <testcase name="postValidResult()" classname="com.maersk.multiplication.challenge.ChallengeAttemptControllerTest" time="0.102"/>
  <system-out><![CDATA[2023-05-26T09:05:03.818+01:00  INFO 9746 --- [    Test worker] t.c.s.AnnotationConfigContextLoaderUtils : Could not detect default configuration classes for test class [com.maersk.multiplication.challenge.ChallengeAttemptControllerTest]: ChallengeAttemptControllerTest does not declare any static, non-private, non-final, nested classes annotated with @Configuration.
2023-05-26T09:05:03.874+01:00  INFO 9746 --- [    Test worker] .b.t.c.SpringBootTestContextBootstrapper : Found @SpringBootConfiguration com.maersk.multiplication.MultiplicationApplication for test class com.maersk.multiplication.challenge.ChallengeAttemptControllerTest

  .   ____          _            __ _ _
 /\\ / ___'_ __ _ _(_)_ __  __ _ \ \ \ \
( ( )\___ | '_ | '_| | '_ \/ _` | \ \ \ \
 \\/  ___)| |_)| | | | | || (_| |  ) ) ) )
  '  |____| .__|_| |_|_| |_\__, | / / / /
 =========|_|==============|___/=/_/_/_/
 :: Spring Boot ::                (v3.1.0)

2023-05-26T09:05:03.944+01:00  INFO 9746 --- [    Test worker] c.m.m.c.ChallengeAttemptControllerTest   : Starting ChallengeAttemptControllerTest using Java 17.0.7 with PID 9746 (started by hariharan.thavachelvam in /Users/hariharan.thavachelvam/Documents/Sandbox/workspace/My Leardning/microservices-v2/multiplication)
2023-05-26T09:05:03.945+01:00  INFO 9746 --- [    Test worker] c.m.m.c.ChallengeAttemptControllerTest   : No active profile set, falling back to 1 default profile: "default"
2023-05-26T09:05:05.161+01:00  INFO 9746 --- [    Test worker] o.s.b.a.w.s.WelcomePageHandlerMapping    : Adding welcome page: class path resource [static/index.html]
2023-05-26T09:05:05.325+01:00  INFO 9746 --- [    Test worker] o.s.b.t.m.w.SpringBootMockServletContext : Initializing Spring TestDispatcherServlet ''
2023-05-26T09:05:05.327+01:00  INFO 9746 --- [    Test worker] o.s.t.web.servlet.TestDispatcherServlet  : Initializing Servlet ''
2023-05-26T09:05:05.355+01:00  INFO 9746 --- [    Test worker] o.s.t.web.servlet.TestDispatcherServlet  : Completed initialization in 4 ms
2023-05-26T09:05:05.391+01:00  INFO 9746 --- [    Test worker] c.m.m.c.ChallengeAttemptControllerTest   : Started ChallengeAttemptControllerTest in 1.511 seconds (process running for 6.966)
2023-05-26T09:05:06.027+01:00  WARN 9746 --- [    Test worker] .w.s.m.s.DefaultHandlerExceptionResolver : Resolved [org.springframework.web.bind.MethodArgumentNotValidException: Validation failed for argument [0] in org.springframework.http.ResponseEntity<com.maersk.multiplication.challenge.ChallengeAttempt> com.maersk.multiplication.challenge.ChallengeAttemptController.postResult(com.maersk.multiplication.challenge.ChallengeAttemptDTO) with 2 errors: [Field error in object 'challengeAttemptDTO' on field 'factorA': rejected value [2000]; codes [Max.challengeAttemptDTO.factorA,Max.factorA,Max.int,Max]; arguments [org.springframework.context.support.DefaultMessageSourceResolvable: codes [challengeAttemptDTO.factorA,factorA]; arguments []; default message [factorA],99]; default message [must be less than or equal to 99]] [Field error in object 'challengeAttemptDTO' on field 'factorB': rejected value [-70]; codes [Min.challengeAttemptDTO.factorB,Min.factorB,Min.int,Min]; arguments [org.springframework.context.support.DefaultMessageSourceResolvable: codes [challengeAttemptDTO.factorB,factorB]; arguments []; default message [factorB],1]; default message [must be greater than or equal to 1]] ]
]]></system-out>
  <system-err><![CDATA[]]></system-err>
</testsuite>
