<?xml version="1.0" encoding="UTF-8"?>
<testsuite name="com.maersk.multiplication.MultiplicationApplicationTests" tests="1" skipped="0" failures="0" errors="0" timestamp="2023-05-26T08:05:02" hostname="MMDHD61Y6CQFF" time="1.02">
  <properties/>
  <testcase name="contextLoads()" classname="com.maersk.multiplication.MultiplicationApplicationTests" time="1.02"/>
  <system-out><![CDATA[09:04:59.775 [Test worker] INFO org.springframework.test.context.support.AnnotationConfigContextLoaderUtils -- Could not detect default configuration classes for test class [com.maersk.multiplication.MultiplicationApplicationTests]: MultiplicationApplicationTests does not declare any static, non-private, non-final, nested classes annotated with @Configuration.
09:04:59.933 [Test worker] INFO org.springframework.boot.test.context.SpringBootTestContextBootstrapper -- Found @SpringBootConfiguration com.maersk.multiplication.MultiplicationApplication for test class com.maersk.multiplication.MultiplicationApplicationTests

  .   ____          _            __ _ _
 /\\ / ___'_ __ _ _(_)_ __  __ _ \ \ \ \
( ( )\___ | '_ | '_| | '_ \/ _` | \ \ \ \
 \\/  ___)| |_)| | | | | || (_| |  ) ) ) )
  '  |____| .__|_| |_|_| |_\__, | / / / /
 =========|_|==============|___/=/_/_/_/
 :: Spring Boot ::                (v3.1.0)

2023-05-26T09:05:00.542+01:00  INFO 9746 --- [    Test worker] c.m.m.MultiplicationApplicationTests     : Starting MultiplicationApplicationTests using Java 17.0.7 with PID 9746 (started by hariharan.thavachelvam in /Users/hariharan.thavachelvam/Documents/Sandbox/workspace/My Leardning/microservices-v2/multiplication)
2023-05-26T09:05:00.546+01:00  INFO 9746 --- [    Test worker] c.m.m.MultiplicationApplicationTests     : No active profile set, falling back to 1 default profile: "default"
2023-05-26T09:05:02.537+01:00  INFO 9746 --- [    Test worker] o.s.b.a.w.s.WelcomePageHandlerMapping    : Adding welcome page: class path resource [static/index.html]
2023-05-26T09:05:02.746+01:00  INFO 9746 --- [    Test worker] c.m.m.MultiplicationApplicationTests     : Started MultiplicationApplicationTests in 2.591 seconds (process running for 4.321)
]]></system-out>
  <system-err><![CDATA[]]></system-err>
</testsuite>
